AUTH_TYPE=Basic
CONTENT_LENGTH=4723701
CONTENT_TYPE=multipart/form-data; boundary=----WebKitFormBoundary3RwtZ55CzpW1yq54
GATEWAY_INTERFACE=CGI/1.1
LC_CTYPE=C.UTF-8
PATH_INFO=www/upload.py
PATH_TRANSLATED=/Users/tumolabs/Documents/web_serv/www/upload.py
QUERY_STRING=
REDIRECT_STATUS=true
REMOTE_ADDR=127.0.0.1
REMOTE_HOST=localhost:8080
REMOTE_USER=/Users/tumolabs/Documents/web_serv
REQUEST_METHOD=POST
SCRIPT_FILENAME=/Users/tumolabs/Documents/web_serv/www/upload.py
SCRIPT_NAME=www/upload.py
SERVER_NAME=web_serv
SERVER_PORT=8080
SERVER_PROTOCOL=HTTP/1.1
SERVER_SOFTWARE=Web_serv
SERVER_WRITE_PATH=uploads
UPLOAD_DIR=uploads
